<?xml version="1.0" encoding="UTF-8"?>
<testng-results skipped="0" failed="0" total="1" passed="1">
  <reporter-output>
  </reporter-output>
  <suite name="Default suite" duration-ms="25460" started-at="2016-06-29T08:26:27Z" finished-at="2016-06-29T08:26:53Z">
    <groups>
    </groups>
    <test name="Default test" duration-ms="25460" started-at="2016-06-29T08:26:27Z" finished-at="2016-06-29T08:26:53Z">
      <class name="com.project.login.LoginTest">
        <test-method status="PASS" signature="Setup()[pri:0, instance:com.project.login.LoginTest@102b3b1]" name="Setup" is-config="true" duration-ms="13675" started-at="2016-06-29T13:56:27Z" finished-at="2016-06-29T13:56:41Z">
          <reporter-output>
          </reporter-output>
        </test-method> <!-- Setup -->
        <test-method status="PASS" signature="validlogin()[pri:0, instance:com.project.login.LoginTest@102b3b1]" name="validlogin" duration-ms="11736" started-at="2016-06-29T13:56:41Z" finished-at="2016-06-29T13:56:53Z">
          <reporter-output>
          </reporter-output>
        </test-method> <!-- validlogin -->
        <test-method status="PASS" signature="Teardown()[pri:0, instance:com.project.login.LoginTest@102b3b1]" name="Teardown" is-config="true" duration-ms="23" started-at="2016-06-29T13:56:53Z" finished-at="2016-06-29T13:56:53Z">
          <reporter-output>
          </reporter-output>
        </test-method> <!-- Teardown -->
      </class> <!-- com.project.login.LoginTest -->
    </test> <!-- Default test -->
  </suite> <!-- Default suite -->
</testng-results>
